<?xml version="1.0" encoding="UTF-8"?>
<robot generator="Robot 3.1.2 (Python 3.8.1 on win32)" generated="20200218 17:21:00.782" rpa="false">
<suite id="s1" name="Automate" source="D:\AIS_Projects\tests\automate.robot">
<test id="s1-t1" name="TC1:login to AIS Group Asset Management">
<kw name="Open Web AMM" library="Business_Projects" type="setup">
<kw name="Open Browser" library="SeleniumLibrary">
<doc>Opens a new browser instance to the optional ``url``.</doc>
<arguments>
<arg>${base_url}</arg>
<arg>${base_browser}</arg>
<arg>options=add_argument("--ignore-certificate-errors")</arg>
</arguments>
<msg timestamp="20200218 17:21:01.228" level="INFO">Opening browser 'chrome' to base url 'https://10.208.152.171/AAM/direct.jsp'.</msg>
<status status="PASS" starttime="20200218 17:21:01.227" endtime="20200218 17:21:03.782"></status>
</kw>
<kw name="Maximize Browser Window" library="SeleniumLibrary">
<doc>Maximizes current browser window.</doc>
<status status="PASS" starttime="20200218 17:21:03.783" endtime="20200218 17:21:04.917"></status>
</kw>
<status status="PASS" starttime="20200218 17:21:01.227" endtime="20200218 17:21:04.917"></status>
</kw>
<kw name="Login To AMM" library="Business_Projects">
<kw name="Input Text" library="SeleniumLibrary">
<doc>Types the given ``text`` into the text field identified by ``locator``.</doc>
<arguments>
<arg>${Locator_User}</arg>
<arg>@{Uasr}[0]</arg>
</arguments>
<msg timestamp="20200218 17:21:04.920" level="INFO">Typing text '00031241' into text field 'name=pin'.</msg>
<status status="PASS" starttime="20200218 17:21:04.919" endtime="20200218 17:21:05.091"></status>
</kw>
<kw name="Click Button" library="SeleniumLibrary">
<doc>Clicks the button identified by ``locator``.</doc>
<arguments>
<arg>${Locator_Button_OK}</arg>
</arguments>
<msg timestamp="20200218 17:21:05.091" level="INFO">Clicking button '//*[@value="OK"]'.</msg>
<status status="PASS" starttime="20200218 17:21:05.091" endtime="20200218 17:21:05.782"></status>
</kw>
<status status="PASS" starttime="20200218 17:21:04.919" endtime="20200218 17:21:05.782"></status>
</kw>
<tags>
<tag>Login</tag>
</tags>
<status status="PASS" starttime="20200218 17:21:01.226" endtime="20200218 17:21:05.783" critical="yes"></status>
</test>
<status status="PASS" starttime="20200218 17:21:00.785" endtime="20200218 17:21:05.786"></status>
</suite>
<statistics>
<total>
<stat pass="1" fail="0">Critical Tests</stat>
<stat pass="1" fail="0">All Tests</stat>
</total>
<tag>
<stat pass="1" fail="0">Login</stat>
</tag>
<suite>
<stat pass="1" fail="0" id="s1" name="Automate">Automate</stat>
</suite>
</statistics>
<errors>
</errors>
</robot>
