<?xml version="1.0" encoding="UTF-8"?>
<robot generator="Robot 3.1.2 (Python 3.8.1 on win32)" generated="20200218 17:00:10.155" rpa="false">
<suite id="s1" name="Automate" source="D:\AIS_Projects\tests\automate.robot">
<test id="s1-t1" name="TC1:login to AIS Group Asset Management">
<kw name="Open Web AMM" library="Business_Projects" type="setup">
<kw name="Create Session" library="RequestsLibrary">
<doc>Create Session: create a HTTP session to a server</doc>
<arguments>
<arg>AMM</arg>
<arg>${base_url}</arg>
<arg>verify=True</arg>
</arguments>
<msg timestamp="20200218 17:00:10.572" level="INFO">Creating Session using : alias=AMM, url=https://10.208.152.171/AAM/direct.jsp, headers={},                     cookies={}, auth=None, timeout=None, proxies=None, verify=True,                     debug=0 </msg>
<status status="PASS" starttime="20200218 17:00:10.572" endtime="20200218 17:00:10.573"></status>
</kw>
<kw name="Open Browser" library="SeleniumLibrary">
<doc>Opens a new browser instance to the optional ``url``.</doc>
<arguments>
<arg>${base_url}</arg>
<arg>${base_browser}</arg>
</arguments>
<msg timestamp="20200218 17:00:10.574" level="INFO">Opening browser 'chrome' to base url 'https://10.208.152.171/AAM/direct.jsp'.</msg>
<status status="PASS" starttime="20200218 17:00:10.573" endtime="20200218 17:00:13.239"></status>
</kw>
<kw name="Maximize Browser Window" library="SeleniumLibrary">
<doc>Maximizes current browser window.</doc>
<status status="PASS" starttime="20200218 17:00:13.240" endtime="20200218 17:00:14.375"></status>
</kw>
<status status="PASS" starttime="20200218 17:00:10.571" endtime="20200218 17:00:14.376"></status>
</kw>
<kw name="Login To AMM" library="Business_Projects">
<kw name="Click Element" library="SeleniumLibrary">
<doc>Click the element identified by ``locator``.</doc>
<arguments>
<arg>id=details-button</arg>
</arguments>
<msg timestamp="20200218 17:00:14.381" level="INFO">Clicking element 'id=details-button'.</msg>
<status status="PASS" starttime="20200218 17:00:14.380" endtime="20200218 17:00:14.491"></status>
</kw>
<kw name="Click Element" library="SeleniumLibrary">
<doc>Click the element identified by ``locator``.</doc>
<arguments>
<arg>id=proceed-link</arg>
</arguments>
<msg timestamp="20200218 17:00:14.492" level="INFO">Clicking element 'id=proceed-link'.</msg>
<status status="PASS" starttime="20200218 17:00:14.491" endtime="20200218 17:00:14.777"></status>
</kw>
<kw name="Input Text" library="SeleniumLibrary">
<doc>Types the given ``text`` into the text field identified by ``locator``.</doc>
<arguments>
<arg>${Locator_User}</arg>
<arg>@{Uasr}[0]</arg>
</arguments>
<msg timestamp="20200218 17:00:14.779" level="INFO">Typing text '00031241' into text field 'name=pin'.</msg>
<status status="PASS" starttime="20200218 17:00:14.779" endtime="20200218 17:00:14.964"></status>
</kw>
<kw name="Click Button" library="SeleniumLibrary">
<doc>Clicks the button identified by ``locator``.</doc>
<arguments>
<arg>${Locator_Button_OK}</arg>
</arguments>
<msg timestamp="20200218 17:00:14.965" level="INFO">Clicking button '//*[@value="OK"]'.</msg>
<status status="PASS" starttime="20200218 17:00:14.964" endtime="20200218 17:00:15.775"></status>
</kw>
<status status="PASS" starttime="20200218 17:00:14.377" endtime="20200218 17:00:15.776"></status>
</kw>
<tags>
<tag>Login</tag>
</tags>
<status status="PASS" starttime="20200218 17:00:10.571" endtime="20200218 17:00:15.776" critical="yes"></status>
</test>
<status status="PASS" starttime="20200218 17:00:10.158" endtime="20200218 17:00:15.781"></status>
</suite>
<statistics>
<total>
<stat pass="1" fail="0">Critical Tests</stat>
<stat pass="1" fail="0">All Tests</stat>
</total>
<tag>
<stat pass="1" fail="0">Login</stat>
</tag>
<suite>
<stat pass="1" fail="0" id="s1" name="Automate">Automate</stat>
</suite>
</statistics>
<errors>
</errors>
</robot>
