<?xml version="1.0" encoding="UTF-8"?>
<robot generator="Robot 3.1.2 (Python 3.8.1 on win32)" generated="20200309 17:05:35.353" rpa="false">
<suite id="s1" name="Automate" source="D:\aam-transform-jeap-robotscript\tests\automate.robot">
<test id="s1-t1" name="SC23:Get&amp;Verify Data Owner Approve IN Database AAM">
<kw name="Get Data Owner Approve Article IN Database AAM" library="Business_Projects">
<kw name="Get&amp;Verify Data Owner Approve Article IN Database AAM" library="DB_AAM">
<arguments>
<arg>Article</arg>
</arguments>
<kw name="Connect Database AAM" library="DB_AAM">
<kw name="Connect To Database" library="DatabaseLibrary">
<doc>Loads the DB API 2.0 module given `dbapiModuleName` then uses it to
connect to the database using `dbName`, `dbUsername`, and `dbPassword`.</doc>
<arguments>
<arg>cx_Oracle</arg>
<arg>${DBName}</arg>
<arg>${DBUser}</arg>
<arg>${DBPass}</arg>
<arg>${DBHost}</arg>
<arg>${DBPort}</arg>
<arg>${DBService}</arg>
</arguments>
<msg timestamp="20200309 17:05:36.212" level="INFO">Connecting using: cx_Oracle.connect(user=aam, password=aam, dsn=(DESCRIPTION=(ADDRESS=(PROTOCOL=TCP)(HOST=10.208.152.170)(PORT=1521))(CONNECT_DATA=(SERVICE_NAME=AACMTST)))) </msg>
<status status="PASS" starttime="20200309 17:05:36.208" endtime="20200309 17:05:36.336"></status>
</kw>
<status status="PASS" starttime="20200309 17:05:36.208" endtime="20200309 17:05:36.336"></status>
</kw>
<kw name="Get Data Owner ID For Approve Article IN Database AAM" library="DB_AAM">
<arguments>
<arg>${Document_data}</arg>
</arguments>
<kw name="Get Data From CSV Sub Document ID" library="CSV_Data">
<arguments>
<arg>${Document_data}</arg>
</arguments>
<kw name="Run Keyword If" library="BuiltIn">
<doc>Runs the given keyword with the given arguments, if ``condition`` is true.</doc>
<arguments>
<arg>'${Document_data}'=='@{Document Type}[0]'</arg>
<arg>CSV_Data.Sub Document ID ตรวจรับทรพย์สินใหม่แบบ Term Non GR</arg>
</arguments>
<status status="PASS" starttime="20200309 17:05:36.337" endtime="20200309 17:05:36.337"></status>
</kw>
<kw name="Run Keyword If" library="BuiltIn">
<doc>Runs the given keyword with the given arguments, if ``condition`` is true.</doc>
<arguments>
<arg>'${Document_data}'=='@{Document Type}[1]'</arg>
<arg>CSV_Data.Sub Document ID ตรวจรับทรพย์สินใหม่แบบ Term GR</arg>
</arguments>
<status status="PASS" starttime="20200309 17:05:36.337" endtime="20200309 17:05:36.337"></status>
</kw>
<kw name="Run Keyword If" library="BuiltIn">
<doc>Runs the given keyword with the given arguments, if ``condition`` is true.</doc>
<arguments>
<arg>'${Document_data}'=='@{Document Type}[2]'</arg>
<arg>CSV_Data.Sub Document ID ยืมทรัพย์สินจาก supplier</arg>
</arguments>
<status status="PASS" starttime="20200309 17:05:36.338" endtime="20200309 17:05:36.338"></status>
</kw>
<kw name="Run Keyword If" library="BuiltIn">
<doc>Runs the given keyword with the given arguments, if ``condition`` is true.</doc>
<arguments>
<arg>'${Document_data}'=='@{Document Type}[3]'</arg>
<arg>CSV_Data.Sub Document ID ย้ายทรัพย์สิน</arg>
</arguments>
<status status="PASS" starttime="20200309 17:05:36.338" endtime="20200309 17:05:36.338"></status>
</kw>
<kw name="Run Keyword If" library="BuiltIn">
<doc>Runs the given keyword with the given arguments, if ``condition`` is true.</doc>
<arguments>
<arg>'${Document_data}'=='@{Document Type}[4]'</arg>
<arg>CSV_Data.Sub Document ID ตัดจำหน่ายทะเบียนทรัพย์สินที่ไม่ส่งมอบ</arg>
</arguments>
<status status="PASS" starttime="20200309 17:05:36.338" endtime="20200309 17:05:36.339"></status>
</kw>
<kw name="Run Keyword If" library="BuiltIn">
<doc>Runs the given keyword with the given arguments, if ``condition`` is true.</doc>
<arguments>
<arg>'${Document_data}'=='@{Document Type}[5]'</arg>
<arg>CSV_Data.Sub Document ID ส่งคืนทรัพย์สินให้ผู้ให้สัมปทาน</arg>
</arguments>
<status status="PASS" starttime="20200309 17:05:36.339" endtime="20200309 17:05:36.339"></status>
</kw>
<kw name="Run Keyword If" library="BuiltIn">
<doc>Runs the given keyword with the given arguments, if ``condition`` is true.</doc>
<arguments>
<arg>'${Document_data}'=='@{Document Type}[6]'</arg>
<arg>CSV_Data.Sub Document ID ขอแก้ไขข้อมูลทรัพย์สิน</arg>
</arguments>
<status status="PASS" starttime="20200309 17:05:36.339" endtime="20200309 17:05:36.339"></status>
</kw>
<kw name="Run Keyword If" library="BuiltIn">
<doc>Runs the given keyword with the given arguments, if ``condition`` is true.</doc>
<arguments>
<arg>'${Document_data}'=='Article'</arg>
<arg>CSV_Data.Sub Document ID Create Article</arg>
</arguments>
<kw name="Sub Document ID Create Article" library="CSV_Data">
<kw name="Read Csv File To Associative" library="CSVLibrary">
<doc>Read CSV file and return its content as a Python list of dictionaries.</doc>
<arguments>
<arg>D:\\aam-transform-jeap-robotscript\\Resources\\PO${/}${csv_path}</arg>
</arguments>
<assign>
<var>@{Data}</var>
</assign>
<msg timestamp="20200309 17:05:36.341" level="INFO">@{Data} = [ {'Create Type': 'ตรวจรับทรพย์สินใหม่แบบ Term Non GR', 'Sub Document ID': '', 'Owner Approve': ''} | {'Create Type': 'ตรวจรับทรพย์สินใหม่แบบ Term GR', 'Sub Document ID': 'T0220-0003984-01', 'Owner Ap...</msg>
<status status="PASS" starttime="20200309 17:05:36.340" endtime="20200309 17:05:36.341"></status>
</kw>
<kw name="Set Variable" library="BuiltIn">
<doc>Returns the given values which can then be assigned to a variables.</doc>
<arguments>
<arg>&amp;{Data[${7}]}[Sub Document ID]</arg>
</arguments>
<assign>
<var>${Sub Document ID}</var>
</assign>
<msg timestamp="20200309 17:05:36.341" level="INFO">${Sub Document ID} = ART2020-000020</msg>
<status status="PASS" starttime="20200309 17:05:36.341" endtime="20200309 17:05:36.341"></status>
</kw>
<kw name="Set Test Variable" library="BuiltIn">
<doc>Makes a variable available everywhere within the scope of the current test.</doc>
<arguments>
<arg>${Sub Document ID}</arg>
</arguments>
<msg timestamp="20200309 17:05:36.341" level="INFO">${Sub Document ID} = ART2020-000020</msg>
<status status="PASS" starttime="20200309 17:05:36.341" endtime="20200309 17:05:36.341"></status>
</kw>
<status status="PASS" starttime="20200309 17:05:36.340" endtime="20200309 17:05:36.342"></status>
</kw>
<status status="PASS" starttime="20200309 17:05:36.339" endtime="20200309 17:05:36.342"></status>
</kw>
<status status="PASS" starttime="20200309 17:05:36.336" endtime="20200309 17:05:36.342"></status>
</kw>
<kw name="Query" library="DatabaseLibrary">
<doc>Uses the input `selectStatement` to query for the values that will be returned as a list of tuples. Set optional
input `sansTran` to True to run command without an explicit transaction commit or rollback.
Set optional input `returnAsDict` to True to return values as a list of dictionaries.</doc>
<arguments>
<arg>select SUBSTR(owner_id,1,8) from WF_UR_ARTICLE_work_item where sub_doc_id='${Sub_Document_ID}'</arg>
</arguments>
<assign>
<var>${Output}</var>
</assign>
<msg timestamp="20200309 17:05:36.342" level="INFO">Executing : Query  |  select SUBSTR(owner_id,1,8) from WF_UR_ARTICLE_work_item where sub_doc_id='ART2020-000020' </msg>
<msg timestamp="20200309 17:05:36.349" level="INFO">${Output} = [('00029536',)]</msg>
<status status="PASS" starttime="20200309 17:05:36.342" endtime="20200309 17:05:36.349"></status>
</kw>
<kw name="Set Variable" library="BuiltIn">
<doc>Returns the given values which can then be assigned to a variables.</doc>
<arguments>
<arg>${Output[0][0]}</arg>
</arguments>
<assign>
<var>${Owner_Approve}</var>
</assign>
<msg timestamp="20200309 17:05:36.350" level="INFO">${Owner_Approve} = 00029536</msg>
<status status="PASS" starttime="20200309 17:05:36.350" endtime="20200309 17:05:36.350"></status>
</kw>
<kw name="Put Data Owner Approve To CSV File" library="CSV_Data">
<arguments>
<arg>${Document_data}</arg>
<arg>${Owner_Approve}</arg>
</arguments>
<kw name="Run Keyword If" library="BuiltIn">
<doc>Runs the given keyword with the given arguments, if ``condition`` is true.</doc>
<arguments>
<arg>'${Document_data}'=='@{Document Type}[0]'</arg>
<arg>Insert Data To CSV</arg>
<arg>Owner Approve</arg>
<arg>0</arg>
<arg>${Owner_Approve}</arg>
</arguments>
<status status="PASS" starttime="20200309 17:05:36.351" endtime="20200309 17:05:36.351"></status>
</kw>
<kw name="Run Keyword If" library="BuiltIn">
<doc>Runs the given keyword with the given arguments, if ``condition`` is true.</doc>
<arguments>
<arg>'${Document_data}'=='@{Document Type}[1]'</arg>
<arg>Insert Data To CSV</arg>
<arg>Owner Approve</arg>
<arg>1</arg>
<arg>${Owner_Approve}</arg>
</arguments>
<status status="PASS" starttime="20200309 17:05:36.351" endtime="20200309 17:05:36.352"></status>
</kw>
<kw name="Run Keyword If" library="BuiltIn">
<doc>Runs the given keyword with the given arguments, if ``condition`` is true.</doc>
<arguments>
<arg>'${Document_data}'=='@{Document Type}[2]'</arg>
<arg>Insert Data To CSV</arg>
<arg>Owner Approve</arg>
<arg>2</arg>
<arg>${Owner_Approve}</arg>
</arguments>
<status status="PASS" starttime="20200309 17:05:36.352" endtime="20200309 17:05:36.352"></status>
</kw>
<kw name="Run Keyword If" library="BuiltIn">
<doc>Runs the given keyword with the given arguments, if ``condition`` is true.</doc>
<arguments>
<arg>'${Document_data}'=='@{Document Type}[3]'</arg>
<arg>Insert Data To CSV</arg>
<arg>Owner Approve</arg>
<arg>3</arg>
<arg>${Owner_Approve}</arg>
</arguments>
<status status="PASS" starttime="20200309 17:05:36.352" endtime="20200309 17:05:36.352"></status>
</kw>
<kw name="Run Keyword If" library="BuiltIn">
<doc>Runs the given keyword with the given arguments, if ``condition`` is true.</doc>
<arguments>
<arg>'${Document_data}'=='@{Document Type}[4]'</arg>
<arg>Insert Data To CSV</arg>
<arg>Owner Approve</arg>
<arg>4</arg>
<arg>${Owner_Approve}</arg>
</arguments>
<status status="PASS" starttime="20200309 17:05:36.352" endtime="20200309 17:05:36.353"></status>
</kw>
<kw name="Run Keyword If" library="BuiltIn">
<doc>Runs the given keyword with the given arguments, if ``condition`` is true.</doc>
<arguments>
<arg>'${Document_data}'=='@{Document Type}[5]'</arg>
<arg>Insert Data To CSV</arg>
<arg>Owner Approve</arg>
<arg>5</arg>
<arg>${Owner_Approve}</arg>
</arguments>
<status status="PASS" starttime="20200309 17:05:36.353" endtime="20200309 17:05:36.353"></status>
</kw>
<kw name="Run Keyword If" library="BuiltIn">
<doc>Runs the given keyword with the given arguments, if ``condition`` is true.</doc>
<arguments>
<arg>'${Document_data}'=='@{Document Type}[6]'</arg>
<arg>Insert Data To CSV</arg>
<arg>Owner Approve</arg>
<arg>6</arg>
<arg>${Owner_Approve}</arg>
</arguments>
<status status="PASS" starttime="20200309 17:05:36.353" endtime="20200309 17:05:36.353"></status>
</kw>
<kw name="Run Keyword If" library="BuiltIn">
<doc>Runs the given keyword with the given arguments, if ``condition`` is true.</doc>
<arguments>
<arg>'${Document_data}'=='Article'</arg>
<arg>Insert Data To CSV</arg>
<arg>Owner Approve</arg>
<arg>7</arg>
<arg>${Owner_Approve}</arg>
</arguments>
<kw name="Insert Data To CSV" library="CSV_Data">
<arguments>
<arg>Owner Approve</arg>
<arg>7</arg>
<arg>${Owner_Approve}</arg>
</arguments>
<kw name="Evaluate" library="BuiltIn">
<doc>Evaluates the given expression in Python and returns the results.</doc>
<arguments>
<arg>${rowIndex}+1</arg>
</arguments>
<assign>
<var>${rowIndex}</var>
</assign>
<msg timestamp="20200309 17:05:36.354" level="INFO">${rowIndex} = 8</msg>
<status status="PASS" starttime="20200309 17:05:36.354" endtime="20200309 17:05:36.354"></status>
</kw>
<kw name="Read Csv File To List" library="CSVLibrary">
<doc>Read CSV file and return its content as a Python list of tuples.</doc>
<arguments>
<arg>D:\\aam-transform-jeap-robotscript\\Resources\\PO${/}${csv_path}</arg>
</arguments>
<assign>
<var>${ListCSV}</var>
</assign>
<msg timestamp="20200309 17:05:36.355" level="INFO">${ListCSV} = [('Create Type', 'Sub Document ID', 'Owner Approve'), ('ตรวจรับทรพย์สินใหม่แบบ Term Non GR', '', ''), ('ตรวจรับทรพย์สินใหม่แบบ Term GR', 'T0220-0003984-01', '32211'), ('ยืมทรัพย์สินจาก supplier', 'T06...</msg>
<status status="PASS" starttime="20200309 17:05:36.354" endtime="20200309 17:05:36.355"></status>
</kw>
<kw name="Empty Csv File" library="CSVLibrary">
<doc>This keyword will empty the CSV file.</doc>
<arguments>
<arg>D:\\aam-transform-jeap-robotscript\\Resources\\PO${/}${csv_path}</arg>
</arguments>
<status status="PASS" starttime="20200309 17:05:36.355" endtime="20200309 17:05:36.356"></status>
</kw>
<kw name="Get Index From List" library="Collections">
<doc>Returns the index of the first occurrence of the ``value`` on the list.</doc>
<arguments>
<arg>${ListCSV[0]}</arg>
<arg>${columnName}</arg>
</arguments>
<assign>
<var>${index}</var>
</assign>
<msg timestamp="20200309 17:05:36.356" level="INFO">${index} = 2</msg>
<status status="PASS" starttime="20200309 17:05:36.356" endtime="20200309 17:05:36.356"></status>
</kw>
<kw name="Convert To List" library="Collections">
<doc>Converts the given ``item`` to a Python ``list`` type.</doc>
<arguments>
<arg>${ListCSV[${rowIndex}]}</arg>
</arguments>
<assign>
<var>${listUpdate}</var>
</assign>
<msg timestamp="20200309 17:05:36.357" level="INFO">${listUpdate} = ['Create Article', 'ART2020-000020', '']</msg>
<status status="PASS" starttime="20200309 17:05:36.356" endtime="20200309 17:05:36.357"></status>
</kw>
<kw name="Remove From List" library="Collections">
<doc>Removes and returns the value specified with an ``index`` from ``list``.</doc>
<arguments>
<arg>${listUpdate}</arg>
<arg>${index}</arg>
</arguments>
<status status="PASS" starttime="20200309 17:05:36.357" endtime="20200309 17:05:36.357"></status>
</kw>
<kw name="Insert Into List" library="Collections">
<doc>Inserts ``value`` into ``list`` to the position specified with ``index``.</doc>
<arguments>
<arg>${listUpdate}</arg>
<arg>${index}</arg>
<arg>${Value}</arg>
</arguments>
<status status="PASS" starttime="20200309 17:05:36.357" endtime="20200309 17:05:36.357"></status>
</kw>
<kw name="Remove From List" library="Collections">
<doc>Removes and returns the value specified with an ``index`` from ``list``.</doc>
<arguments>
<arg>${ListCSV}</arg>
<arg>${rowIndex}</arg>
</arguments>
<status status="PASS" starttime="20200309 17:05:36.357" endtime="20200309 17:05:36.358"></status>
</kw>
<kw name="Insert Into List" library="Collections">
<doc>Inserts ``value`` into ``list`` to the position specified with ``index``.</doc>
<arguments>
<arg>${ListCSV}</arg>
<arg>${rowIndex}</arg>
<arg>${listUpdate}</arg>
</arguments>
<status status="PASS" starttime="20200309 17:05:36.358" endtime="20200309 17:05:36.358"></status>
</kw>
<kw name="Append To Csv File" library="CSVLibrary">
<doc>This keyword will append data to a new or existing CSV file.</doc>
<arguments>
<arg>D:\\aam-transform-jeap-robotscript\\Resources\\PO${/}${csv_path}</arg>
<arg>${ListCSV}</arg>
</arguments>
<status status="PASS" starttime="20200309 17:05:36.358" endtime="20200309 17:05:36.359"></status>
</kw>
<status status="PASS" starttime="20200309 17:05:36.354" endtime="20200309 17:05:36.359"></status>
</kw>
<status status="PASS" starttime="20200309 17:05:36.354" endtime="20200309 17:05:36.359"></status>
</kw>
<status status="PASS" starttime="20200309 17:05:36.350" endtime="20200309 17:05:36.359"></status>
</kw>
<status status="PASS" starttime="20200309 17:05:36.336" endtime="20200309 17:05:36.359"></status>
</kw>
<kw name="Disonnect Database AAM" library="DB_AAM">
<kw name="Disconnect From Database" library="DatabaseLibrary">
<doc>Disconnects from the database.</doc>
<msg timestamp="20200309 17:05:36.359" level="INFO">Executing : Disconnect From Database</msg>
<status status="PASS" starttime="20200309 17:05:36.359" endtime="20200309 17:05:36.371"></status>
</kw>
<status status="PASS" starttime="20200309 17:05:36.359" endtime="20200309 17:05:36.371"></status>
</kw>
<status status="PASS" starttime="20200309 17:05:36.207" endtime="20200309 17:05:36.371"></status>
</kw>
<status status="PASS" starttime="20200309 17:05:36.207" endtime="20200309 17:05:36.371"></status>
</kw>
<tags>
<tag>Article</tag>
<tag>SC23</tag>
</tags>
<status status="PASS" starttime="20200309 17:05:36.206" endtime="20200309 17:05:36.371" critical="yes"></status>
</test>
<status status="PASS" starttime="20200309 17:05:35.354" endtime="20200309 17:05:36.373"></status>
</suite>
<statistics>
<total>
<stat pass="1" fail="0">Critical Tests</stat>
<stat pass="1" fail="0">All Tests</stat>
</total>
<tag>
<stat pass="1" fail="0">Article</stat>
<stat pass="1" fail="0">SC23</stat>
</tag>
<suite>
<stat pass="1" fail="0" id="s1" name="Automate">Automate</stat>
</suite>
</statistics>
<errors>
</errors>
</robot>
