<?xml version="1.0" encoding="UTF-8"?>
<robot generator="Robot 3.1.2 (Python 3.8.1 on win32)" generated="20200218 17:33:29.890" rpa="false">
<suite id="s1" name="Automate" source="D:\AIS_Projects\tests\automate.robot">
<test id="s1-t1" name="TC1:login to AIS Group Asset Management">
<kw name="Open Web AMM" library="Common" type="setup">
<kw name="Open Browser" library="SeleniumLibrary">
<doc>Opens a new browser instance to the optional ``url``.</doc>
<arguments>
<arg>${base_url}</arg>
<arg>${base_browser}</arg>
<arg>options=add_argument("--ignore-certificate-errors")</arg>
</arguments>
<msg timestamp="20200218 17:33:30.317" level="INFO">Opening browser 'chrome' to base url 'https://10.208.152.171/AAM/direct.jsp'.</msg>
<status status="PASS" starttime="20200218 17:33:30.317" endtime="20200218 17:33:32.893"></status>
</kw>
<kw name="Maximize Browser Window" library="SeleniumLibrary">
<doc>Maximizes current browser window.</doc>
<status status="PASS" starttime="20200218 17:33:32.893" endtime="20200218 17:33:34.042"></status>
</kw>
<status status="PASS" starttime="20200218 17:33:30.316" endtime="20200218 17:33:34.043"></status>
</kw>
<kw name="login to AIS Group Asset Management" library="Business_Projects">
<kw name="Login To AMM" library="Login">
<kw name="Input Text" library="SeleniumLibrary">
<doc>Types the given ``text`` into the text field identified by ``locator``.</doc>
<arguments>
<arg>${Locator_User}</arg>
<arg>@{Uasr}[0]</arg>
</arguments>
<msg timestamp="20200218 17:33:34.048" level="INFO">Typing text '00031241' into text field 'name=pin'.</msg>
<status status="PASS" starttime="20200218 17:33:34.047" endtime="20200218 17:33:34.239"></status>
</kw>
<kw name="Click Button" library="SeleniumLibrary">
<doc>Clicks the button identified by ``locator``.</doc>
<arguments>
<arg>${Locator_Button_OK}</arg>
</arguments>
<msg timestamp="20200218 17:33:34.240" level="INFO">Clicking button '//*[@value="OK"]'.</msg>
<status status="PASS" starttime="20200218 17:33:34.239" endtime="20200218 17:33:34.699"></status>
</kw>
<status status="PASS" starttime="20200218 17:33:34.045" endtime="20200218 17:33:34.700"></status>
</kw>
<status status="PASS" starttime="20200218 17:33:34.044" endtime="20200218 17:33:34.700"></status>
</kw>
<kw name="Close AMM Web" library="Common" type="teardown">
<kw name="Close Browser" library="SeleniumLibrary">
<doc>Closes the current browser.</doc>
<status status="PASS" starttime="20200218 17:33:34.702" endtime="20200218 17:33:36.864"></status>
</kw>
<status status="PASS" starttime="20200218 17:33:34.701" endtime="20200218 17:33:36.864"></status>
</kw>
<tags>
<tag>Login</tag>
</tags>
<status status="PASS" starttime="20200218 17:33:30.315" endtime="20200218 17:33:36.866" critical="yes"></status>
</test>
<status status="PASS" starttime="20200218 17:33:29.892" endtime="20200218 17:33:36.872"></status>
</suite>
<statistics>
<total>
<stat pass="1" fail="0">Critical Tests</stat>
<stat pass="1" fail="0">All Tests</stat>
</total>
<tag>
<stat pass="1" fail="0">Login</stat>
</tag>
<suite>
<stat pass="1" fail="0" id="s1" name="Automate">Automate</stat>
</suite>
</statistics>
<errors>
</errors>
</robot>
