<?xml version="1.0" encoding="UTF-8"?>
<robot generator="Robot 3.1.2 (Python 3.8.1 on win32)" generated="20200224 11:28:12.353" rpa="false">
<suite id="s1" name="Automate" source="D:\AIS_AAM-Transform\tests\automate.robot">
<test id="s1-t1" name="SC3:Owner Approve Transection stock on AIS Group Asset Management">
<kw name="Owner Approve Transection stock" library="Business_Projects">
<kw name="Get Data From Excel Sub Document ID" library="Excel_Data">
<kw name="Load Workbook" library="openpyxl">
<doc>Open the given filename and return the workbook</doc>
<arguments>
<arg>D:\\AIS_AAM-Transform/${excel}</arg>
</arguments>
<assign>
<var>${wbget}</var>
</assign>
<msg timestamp="20200224 11:28:13.609" level="INFO">${wbget} = &lt;openpyxl.workbook.workbook.Workbook object at 0x0EEFFF70&gt;</msg>
<status status="PASS" starttime="20200224 11:28:13.598" endtime="20200224 11:28:13.609"></status>
</kw>
<kw name="Set Variable" library="BuiltIn">
<doc>Returns the given values which can then be assigned to a variables.</doc>
<arguments>
<arg>${wbget.get_sheet_by_name('DataID')}</arg>
</arguments>
<assign>
<var>${wsget}</var>
</assign>
<msg timestamp="20200224 11:28:13.610" level="INFO">${wsget} = &lt;Worksheet "DataID"&gt;</msg>
<status status="PASS" starttime="20200224 11:28:13.609" endtime="20200224 11:28:13.610"></status>
</kw>
<kw name="Set Variable" library="BuiltIn">
<doc>Returns the given values which can then be assigned to a variables.</doc>
<arguments>
<arg>${wsget.cell(2,1).value}</arg>
</arguments>
<assign>
<var>${Sub_Document_ID}</var>
</assign>
<msg timestamp="20200224 11:28:13.610" level="INFO">${Sub_Document_ID} = T0220-0003099-01</msg>
<status status="PASS" starttime="20200224 11:28:13.610" endtime="20200224 11:28:13.610"></status>
</kw>
<kw name="Set Test Variable" library="BuiltIn">
<doc>Makes a variable available everywhere within the scope of the current test.</doc>
<arguments>
<arg>${Sub_Document_ID}</arg>
</arguments>
<msg timestamp="20200224 11:28:13.611" level="INFO">${Sub_Document_ID} = T0220-0003099-01</msg>
<status status="PASS" starttime="20200224 11:28:13.611" endtime="20200224 11:28:13.611"></status>
</kw>
<status status="PASS" starttime="20200224 11:28:13.597" endtime="20200224 11:28:13.611"></status>
</kw>
<kw name="Get Data From Excel Owner Approve" library="Excel_Data">
<kw name="Load Workbook" library="openpyxl">
<doc>Open the given filename and return the workbook</doc>
<arguments>
<arg>D:\\AIS_AAM-Transform/${excel}</arg>
</arguments>
<assign>
<var>${wbget}</var>
</assign>
<msg timestamp="20200224 11:28:13.620" level="INFO">${wbget} = &lt;openpyxl.workbook.workbook.Workbook object at 0x0EF33658&gt;</msg>
<status status="PASS" starttime="20200224 11:28:13.612" endtime="20200224 11:28:13.620"></status>
</kw>
<kw name="Set Variable" library="BuiltIn">
<doc>Returns the given values which can then be assigned to a variables.</doc>
<arguments>
<arg>${wbget.get_sheet_by_name('DataID')}</arg>
</arguments>
<assign>
<var>${wsget}</var>
</assign>
<msg timestamp="20200224 11:28:13.621" level="INFO">${wsget} = &lt;Worksheet "DataID"&gt;</msg>
<status status="PASS" starttime="20200224 11:28:13.621" endtime="20200224 11:28:13.621"></status>
</kw>
<kw name="Set Variable" library="BuiltIn">
<doc>Returns the given values which can then be assigned to a variables.</doc>
<arguments>
<arg>${wsget.cell(2,2).value}</arg>
</arguments>
<assign>
<var>${Owner_Approve}</var>
</assign>
<msg timestamp="20200224 11:28:13.622" level="INFO">${Owner_Approve} = 00032211</msg>
<status status="PASS" starttime="20200224 11:28:13.621" endtime="20200224 11:28:13.622"></status>
</kw>
<kw name="Set Test Variable" library="BuiltIn">
<doc>Makes a variable available everywhere within the scope of the current test.</doc>
<arguments>
<arg>${Owner_Approve}</arg>
</arguments>
<msg timestamp="20200224 11:28:13.623" level="INFO">${Owner_Approve} = 00032211</msg>
<status status="PASS" starttime="20200224 11:28:13.622" endtime="20200224 11:28:13.623"></status>
</kw>
<status status="PASS" starttime="20200224 11:28:13.612" endtime="20200224 11:28:13.623"></status>
</kw>
<kw name="Open Web AAM" library="Common">
<arguments>
<arg>${Owner_Approve}</arg>
</arguments>
<kw name="Open Browser" library="SeleniumLibrary">
<doc>Opens a new browser instance to the optional ``url``.</doc>
<arguments>
<arg>${base_url}</arg>
<arg>${base_browser}</arg>
<arg>options=add_argument("--ignore-certificate-errors")</arg>
</arguments>
<msg timestamp="20200224 11:28:13.624" level="INFO">Opening browser 'ff' to base url 'https://10.208.152.171/AAM/direct.jsp'.</msg>
<msg timestamp="20200224 11:28:13.636" level="INFO">Firefox driver log is always forced to to: D:\AIS_AAM-Transform\results\geckodriver-32.log</msg>
<status status="PASS" starttime="20200224 11:28:13.624" endtime="20200224 11:28:20.474"></status>
</kw>
<kw name="Maximize Browser Window" library="SeleniumLibrary">
<doc>Maximizes current browser window.</doc>
<status status="PASS" starttime="20200224 11:28:20.474" endtime="20200224 11:28:20.496"></status>
</kw>
<kw name="Login To AAM" library="Login">
<arguments>
<arg>${Password}</arg>
</arguments>
<kw name="Input Text" library="SeleniumLibrary">
<doc>Types the given ``text`` into the text field identified by ``locator``.</doc>
<arguments>
<arg>${Locator_User}</arg>
<arg>${Password}</arg>
</arguments>
<msg timestamp="20200224 11:28:20.498" level="INFO">Typing text '00032211' into text field 'name=pin'.</msg>
<status status="PASS" starttime="20200224 11:28:20.497" endtime="20200224 11:28:20.588"></status>
</kw>
<kw name="Click Button" library="SeleniumLibrary">
<doc>Clicks the button identified by ``locator``.</doc>
<arguments>
<arg>${Locator_Button_OK_Login}</arg>
</arguments>
<msg timestamp="20200224 11:28:20.590" level="INFO">Clicking button '//*[@value="OK"]'.</msg>
<status status="PASS" starttime="20200224 11:28:20.589" endtime="20200224 11:28:21.322"></status>
</kw>
<status status="PASS" starttime="20200224 11:28:20.496" endtime="20200224 11:28:21.322"></status>
</kw>
<status status="PASS" starttime="20200224 11:28:13.623" endtime="20200224 11:28:21.322"></status>
</kw>
<kw name="Owner Approve Transection stock" library="Owner_Approve">
<arguments>
<arg>${Sub_Document_ID}</arg>
</arguments>
<kw name="Select Frame" library="SeleniumLibrary">
<doc>Sets frame identified by ``locator`` as the current frame.</doc>
<arguments>
<arg>${Locator_Frame_Body}</arg>
</arguments>
<msg timestamp="20200224 11:28:21.324" level="INFO">Selecting frame 'name=fBody'.</msg>
<status status="PASS" starttime="20200224 11:28:21.323" endtime="20200224 11:28:21.389"></status>
</kw>
<kw name="Wait Until Element Is Visible" library="SeleniumLibrary">
<doc>Waits until the element ``locator`` is visible.</doc>
<arguments>
<arg>${Locator_Waiting_approve}</arg>
</arguments>
<status status="PASS" starttime="20200224 11:28:21.389" endtime="20200224 11:28:21.732"></status>
</kw>
<kw name="Click Element" library="SeleniumLibrary">
<doc>Click the element identified by ``locator``.</doc>
<arguments>
<arg>${Locator_Waiting_approve}</arg>
</arguments>
<msg timestamp="20200224 11:28:21.733" level="INFO">Clicking element '//*[@id="treeDate"]/li[2]/ul/li[2]/ul/li[3]/span/a'.</msg>
<status status="PASS" starttime="20200224 11:28:21.732" endtime="20200224 11:28:21.998"></status>
</kw>
<kw name="Click Element" library="SeleniumLibrary">
<doc>Click the element identified by ``locator``.</doc>
<arguments>
<arg>//*[text()='${Sub_Document_ID}']</arg>
</arguments>
<msg timestamp="20200224 11:28:21.999" level="INFO">Clicking element '//*[text()='T0220-0003099-01']'.</msg>
<status status="PASS" starttime="20200224 11:28:21.999" endtime="20200224 11:28:22.640"></status>
</kw>
<kw name="Wait Until Element Is Visible" library="SeleniumLibrary">
<doc>Waits until the element ``locator`` is visible.</doc>
<arguments>
<arg>${Locator_Button_approve}</arg>
</arguments>
<status status="PASS" starttime="20200224 11:28:22.640" endtime="20200224 11:28:22.905"></status>
</kw>
<kw name="Execute Javascript" library="SeleniumLibrary">
<doc>Executes the given JavaScript code with possible arguments.</doc>
<arguments>
<arg>window.scrollTo(0,2000)</arg>
</arguments>
<msg timestamp="20200224 11:28:22.907" level="INFO">Executing JavaScript:
window.scrollTo(0,2000)
Without any arguments.</msg>
<status status="PASS" starttime="20200224 11:28:22.906" endtime="20200224 11:28:22.913"></status>
</kw>
<kw name="Click Element" library="SeleniumLibrary">
<doc>Click the element identified by ``locator``.</doc>
<arguments>
<arg>${Locator_Button_approve}</arg>
</arguments>
<msg timestamp="20200224 11:28:22.914" level="INFO">Clicking element 'id=approveBtn'.</msg>
<status status="PASS" starttime="20200224 11:28:22.914" endtime="20200224 11:28:23.168"></status>
</kw>
<kw name="Alert Should Be Present" library="SeleniumLibrary">
<doc>Verifies that an alert is present and by default, accepts it.</doc>
<arguments>
<arg>${Alert_Present_Approvesubmit}</arg>
</arguments>
<status status="PASS" starttime="20200224 11:28:23.168" endtime="20200224 11:28:23.245"></status>
</kw>
<kw name="Wait Until Element Is Visible" library="SeleniumLibrary">
<doc>Waits until the element ``locator`` is visible.</doc>
<arguments>
<arg>${Locator_Button_Save_approve}</arg>
</arguments>
<status status="PASS" starttime="20200224 11:28:23.245" endtime="20200224 11:28:23.735"></status>
</kw>
<kw name="Click Element" library="SeleniumLibrary">
<doc>Click the element identified by ``locator``.</doc>
<arguments>
<arg>${Locator_Button_Save_approve}</arg>
</arguments>
<msg timestamp="20200224 11:28:23.736" level="INFO">Clicking element 'id=save'.</msg>
<status status="PASS" starttime="20200224 11:28:23.736" endtime="20200224 11:28:23.836"></status>
</kw>
<kw name="Alert Should Be Present" library="SeleniumLibrary">
<doc>Verifies that an alert is present and by default, accepts it.</doc>
<arguments>
<arg>${Alert_Present_save_approve}</arg>
</arguments>
<status status="PASS" starttime="20200224 11:28:23.836" endtime="20200224 11:28:23.897"></status>
</kw>
<kw name="Unselect Frame" library="SeleniumLibrary">
<doc>Sets the main frame as the current frame.</doc>
<status status="PASS" starttime="20200224 11:28:23.897" endtime="20200224 11:28:23.901"></status>
</kw>
<status status="PASS" starttime="20200224 11:28:21.323" endtime="20200224 11:28:23.901"></status>
</kw>
<kw name="Close AAM Web" library="Common">
<kw name="Close Browser" library="SeleniumLibrary">
<doc>Closes the current browser.</doc>
<status status="PASS" starttime="20200224 11:28:23.902" endtime="20200224 11:28:25.636"></status>
</kw>
<status status="PASS" starttime="20200224 11:28:23.902" endtime="20200224 11:28:25.636"></status>
</kw>
<status status="PASS" starttime="20200224 11:28:13.597" endtime="20200224 11:28:25.636"></status>
</kw>
<tags>
<tag>Approve</tag>
</tags>
<status status="PASS" starttime="20200224 11:28:13.596" endtime="20200224 11:28:25.637" critical="yes"></status>
</test>
<status status="PASS" starttime="20200224 11:28:12.356" endtime="20200224 11:28:25.640"></status>
</suite>
<statistics>
<total>
<stat pass="1" fail="0">Critical Tests</stat>
<stat pass="1" fail="0">All Tests</stat>
</total>
<tag>
<stat pass="1" fail="0">Approve</stat>
</tag>
<suite>
<stat pass="1" fail="0" id="s1" name="Automate">Automate</stat>
</suite>
</statistics>
<errors>
</errors>
</robot>
