<?xml version="1.0" encoding="UTF-8"?>
<robot generator="Robot 3.1.2 (Python 3.8.1 on win32)" generated="20200219 17:59:41.423" rpa="false">
<suite id="s1" name="Automate" source="D:\AIS_Projects\tests\automate.robot">
<kw name="Open Web AMM" library="Common" type="setup">
<kw name="Open Browser" library="SeleniumLibrary">
<doc>Opens a new browser instance to the optional ``url``.</doc>
<arguments>
<arg>${base_url}</arg>
<arg>${base_browser}</arg>
<arg>options=add_argument("--ignore-certificate-errors")</arg>
</arguments>
<msg timestamp="20200219 17:59:41.644" level="INFO">Opening browser 'ff' to base url 'https://10.208.152.171/AAM/direct.jsp'.</msg>
<msg timestamp="20200219 17:59:41.649" level="INFO">Firefox driver log is always forced to to: D:\AIS_Projects\results\geckodriver-6.log</msg>
<status status="PASS" starttime="20200219 17:59:41.644" endtime="20200219 17:59:46.961"></status>
</kw>
<kw name="Maximize Browser Window" library="SeleniumLibrary">
<doc>Maximizes current browser window.</doc>
<status status="PASS" starttime="20200219 17:59:46.961" endtime="20200219 17:59:46.966"></status>
</kw>
<status status="PASS" starttime="20200219 17:59:41.643" endtime="20200219 17:59:46.966"></status>
</kw>
<test id="s1-t1" name="TC1:login to AIS Group Asset Management">
<kw name="login to AIS Group Asset Management" library="Business_Projects">
<kw name="Login To AMM" library="Login">
<kw name="Input Text" library="SeleniumLibrary">
<doc>Types the given ``text`` into the text field identified by ``locator``.</doc>
<arguments>
<arg>${Locator_User}</arg>
<arg>@{Uasr}[1]</arg>
</arguments>
<msg timestamp="20200219 17:59:46.971" level="INFO">Typing text '00031242' into text field 'name=pin'.</msg>
<status status="PASS" starttime="20200219 17:59:46.971" endtime="20200219 17:59:47.013"></status>
</kw>
<kw name="Click Button" library="SeleniumLibrary">
<doc>Clicks the button identified by ``locator``.</doc>
<arguments>
<arg>${Locator_Button_OK}</arg>
</arguments>
<msg timestamp="20200219 17:59:47.013" level="INFO">Clicking button '//*[@value="OK"]'.</msg>
<status status="PASS" starttime="20200219 17:59:47.013" endtime="20200219 17:59:47.333"></status>
</kw>
<status status="PASS" starttime="20200219 17:59:46.970" endtime="20200219 17:59:47.334"></status>
</kw>
<status status="PASS" starttime="20200219 17:59:46.969" endtime="20200219 17:59:47.334"></status>
</kw>
<kw name="Create Transection stock" library="Business_Projects">
<kw name="Mouse Over Menu Document" library="Document_Menu">
<kw name="Select Frame" library="SeleniumLibrary">
<doc>Sets frame identified by ``locator`` as the current frame.</doc>
<arguments>
<arg>${Locator_Frame_Header}</arg>
</arguments>
<msg timestamp="20200219 17:59:47.338" level="INFO">Selecting frame 'name=fHead'.</msg>
<status status="PASS" starttime="20200219 17:59:47.337" endtime="20200219 17:59:47.352"></status>
</kw>
<kw name="Wait Until Element Is Visible" library="SeleniumLibrary">
<doc>Waits until the element ``locator`` is visible.</doc>
<arguments>
<arg>${Locator_Document}</arg>
</arguments>
<status status="PASS" starttime="20200219 17:59:47.353" endtime="20200219 17:59:47.390"></status>
</kw>
<kw name="Mouse Over" library="SeleniumLibrary">
<doc>Simulates hovering the mouse over the element ``locator``.</doc>
<arguments>
<arg>${Locator_Document}</arg>
</arguments>
<msg timestamp="20200219 17:59:47.390" level="INFO">Simulating Mouse Over on element '//*[@id="menuContain"]/ul[1]/li[2]/a/span'.</msg>
<status status="PASS" starttime="20200219 17:59:47.390" endtime="20200219 17:59:47.652"></status>
</kw>
<status status="PASS" starttime="20200219 17:59:47.336" endtime="20200219 17:59:47.652"></status>
</kw>
<kw name="Click Transection stock" library="Document_Menu">
<kw name="Wait Until Element Is Visible" library="SeleniumLibrary">
<doc>Waits until the element ``locator`` is visible.</doc>
<arguments>
<arg>${Locator_Transectionstock}</arg>
</arguments>
<status status="PASS" starttime="20200219 17:59:47.653" endtime="20200219 17:59:47.667"></status>
</kw>
<kw name="Click Element" library="SeleniumLibrary">
<doc>Click the element identified by ``locator``.</doc>
<arguments>
<arg>${Locator_Transectionstock}</arg>
</arguments>
<msg timestamp="20200219 17:59:47.668" level="INFO">Clicking element '//*[@id="main2"]/a[2]/span'.</msg>
<status status="PASS" starttime="20200219 17:59:47.668" endtime="20200219 17:59:47.880"></status>
</kw>
<kw name="Unselect Frame" library="SeleniumLibrary">
<doc>Sets the main frame as the current frame.</doc>
<status status="PASS" starttime="20200219 17:59:47.881" endtime="20200219 17:59:47.884"></status>
</kw>
<status status="PASS" starttime="20200219 17:59:47.652" endtime="20200219 17:59:47.884"></status>
</kw>
<kw name="Select Data &amp; Verify Document Type Tab" library="Document_Menu">
<kw name="Select Frame" library="SeleniumLibrary">
<doc>Sets frame identified by ``locator`` as the current frame.</doc>
<arguments>
<arg>${Locator_Frame_Body}</arg>
</arguments>
<msg timestamp="20200219 17:59:47.885" level="INFO">Selecting frame 'name=fBody'.</msg>
<status status="PASS" starttime="20200219 17:59:47.885" endtime="20200219 17:59:47.891"></status>
</kw>
<kw name="Wait Until Element Is Visible" library="SeleniumLibrary">
<doc>Waits until the element ``locator`` is visible.</doc>
<arguments>
<arg>${Locator_Document_type}</arg>
</arguments>
<status status="PASS" starttime="20200219 17:59:47.891" endtime="20200219 17:59:47.906"></status>
</kw>
<kw name="Select From List By Label" library="SeleniumLibrary">
<doc>Selects options from selection list ``locator`` by ``labels``.</doc>
<arguments>
<arg>${Locator_Document_type}</arg>
<arg>@{Document Type}[1]</arg>
</arguments>
<msg timestamp="20200219 17:59:47.906" level="INFO">Selecting options from selection list 'id=docType' by label ตรวจรับทรัพย์สินใหม่แบบ Term GR.</msg>
<status status="PASS" starttime="20200219 17:59:47.906" endtime="20200219 17:59:48.140"></status>
</kw>
<kw name="Click Button" library="SeleniumLibrary">
<doc>Clicks the button identified by ``locator``.</doc>
<arguments>
<arg>${Locator_Next}</arg>
</arguments>
<msg timestamp="20200219 17:59:48.140" level="INFO">Clicking button 'id=next'.</msg>
<status status="PASS" starttime="20200219 17:59:48.140" endtime="20200219 17:59:48.315"></status>
</kw>
<status status="PASS" starttime="20200219 17:59:47.884" endtime="20200219 17:59:48.315"></status>
</kw>
<kw name="Select Data &amp; Verify General Information Tab" library="Document_Menu">
<kw name="Select From List By Label" library="SeleniumLibrary">
<doc>Selects options from selection list ``locator`` by ``labels``.</doc>
<arguments>
<arg>${Locator_Business_Group}</arg>
<arg>@{Business Group}[1]</arg>
</arguments>
<msg timestamp="20200219 17:59:48.316" level="INFO">Selecting options from selection list 'id=businessGroup' by label NON FBB.</msg>
<status status="PASS" starttime="20200219 17:59:48.316" endtime="20200219 17:59:48.561"></status>
</kw>
<kw name="Click Button" library="SeleniumLibrary">
<doc>Clicks the button identified by ``locator``.</doc>
<arguments>
<arg>${Locator_Project_Button}</arg>
</arguments>
<msg timestamp="20200219 17:59:48.562" level="INFO">Clicking button 'id=projectSearch'.</msg>
<status status="PASS" starttime="20200219 17:59:48.561" endtime="20200219 17:59:48.806"></status>
</kw>
<kw name="Select Frame" library="SeleniumLibrary">
<doc>Sets frame identified by ``locator`` as the current frame.</doc>
<arguments>
<arg>${Locator_Frame_simpleIframe}</arg>
</arguments>
<msg timestamp="20200219 17:59:48.806" level="INFO">Selecting frame 'id=simpleIframe'.</msg>
<status status="PASS" starttime="20200219 17:59:48.806" endtime="20200219 17:59:48.811"></status>
</kw>
<kw name="Input Text" library="SeleniumLibrary">
<doc>Types the given ``text`` into the text field identified by ``locator``.</doc>
<arguments>
<arg>${Locator_PONO}</arg>
<arg>${PONO}</arg>
</arguments>
<msg timestamp="20200219 17:59:48.811" level="INFO">Typing text '4500134871' into text field 'id=poNo'.</msg>
<status status="PASS" starttime="20200219 17:59:48.811" endtime="20200219 17:59:48.830"></status>
</kw>
<kw name="Click Button" library="SeleniumLibrary">
<doc>Clicks the button identified by ``locator``.</doc>
<arguments>
<arg>${Locator_search_Button}</arg>
</arguments>
<msg timestamp="20200219 17:59:48.831" level="INFO">Clicking button 'id=search'.</msg>
<status status="PASS" starttime="20200219 17:59:48.831" endtime="20200219 17:59:49.062"></status>
</kw>
<kw name="Wait Until Element Is Visible" library="SeleniumLibrary">
<doc>Waits until the element ``locator`` is visible.</doc>
<arguments>
<arg>${Locator_Select_Project}</arg>
</arguments>
<status status="PASS" starttime="20200219 17:59:49.062" endtime="20200219 17:59:49.089"></status>
</kw>
<kw name="Click Element" library="SeleniumLibrary">
<doc>Click the element identified by ``locator``.</doc>
<arguments>
<arg>${Locator_Select_Project}</arg>
</arguments>
<msg timestamp="20200219 17:59:49.089" level="INFO">Clicking element '//*[@id="searchProjectTb_row1"]/td[4]/a'.</msg>
<status status="PASS" starttime="20200219 17:59:49.089" endtime="20200219 17:59:49.109"></status>
</kw>
<kw name="Unselect Frame" library="SeleniumLibrary">
<doc>Sets the main frame as the current frame.</doc>
<status status="PASS" starttime="20200219 17:59:49.110" endtime="20200219 17:59:49.114"></status>
</kw>
<kw name="Select Frame" library="SeleniumLibrary">
<doc>Sets frame identified by ``locator`` as the current frame.</doc>
<arguments>
<arg>${Locator_Frame_Body}</arg>
</arguments>
<msg timestamp="20200219 17:59:49.114" level="INFO">Selecting frame 'name=fBody'.</msg>
<status status="PASS" starttime="20200219 17:59:49.114" endtime="20200219 17:59:49.131"></status>
</kw>
<kw name="Wait Until Element Is Visible" library="SeleniumLibrary">
<doc>Waits until the element ``locator`` is visible.</doc>
<arguments>
<arg>${Locator_Project_Text}</arg>
</arguments>
<status status="PASS" starttime="20200219 17:59:49.131" endtime="20200219 17:59:49.154"></status>
</kw>
<kw name="Element Text Should Be" library="SeleniumLibrary">
<doc>Verifies that element ``locator`` contains exact the text ``expected``.</doc>
<arguments>
<arg>${Locator_Project_Text}</arg>
<arg>${Project_Name}</arg>
</arguments>
<msg timestamp="20200219 17:59:49.155" level="INFO">Verifying element 'id=projectNameText' contains exact text '2018 Switching (SCCPGW)-BKK'.</msg>
<status status="PASS" starttime="20200219 17:59:49.154" endtime="20200219 17:59:49.169"></status>
</kw>
<kw name="Input Text" library="SeleniumLibrary">
<doc>Types the given ``text`` into the text field identified by ``locator``.</doc>
<arguments>
<arg>${Locator_Title}</arg>
<arg>@{Title}[0]</arg>
</arguments>
<msg timestamp="20200219 17:59:49.172" level="INFO">Typing text 'Cable' into text field 'id=title'.</msg>
<status status="PASS" starttime="20200219 17:59:49.170" endtime="20200219 17:59:49.190"></status>
</kw>
<kw name="Click Button" library="SeleniumLibrary">
<doc>Clicks the button identified by ``locator``.</doc>
<arguments>
<arg>${Locator_Next_Button}</arg>
</arguments>
<msg timestamp="20200219 17:59:49.191" level="INFO">Clicking button 'id=btn_next'.</msg>
<status status="PASS" starttime="20200219 17:59:49.191" endtime="20200219 17:59:49.342"></status>
</kw>
<kw name="Unselect Frame" library="SeleniumLibrary">
<doc>Sets the main frame as the current frame.</doc>
<status status="PASS" starttime="20200219 17:59:49.342" endtime="20200219 17:59:49.345"></status>
</kw>
<status status="PASS" starttime="20200219 17:59:48.315" endtime="20200219 17:59:49.346"></status>
</kw>
<kw name="Select Data &amp; Verify Location Information Tab" library="Document_Menu">
<kw name="Select Frame" library="SeleniumLibrary">
<doc>Sets frame identified by ``locator`` as the current frame.</doc>
<arguments>
<arg>${Locator_Frame_Body}</arg>
</arguments>
<msg timestamp="20200219 17:59:49.346" level="INFO">Selecting frame 'name=fBody'.</msg>
<status status="PASS" starttime="20200219 17:59:49.346" endtime="20200219 17:59:49.356"></status>
</kw>
<kw name="Select From List By Label" library="SeleniumLibrary">
<doc>Selects options from selection list ``locator`` by ``labels``.</doc>
<arguments>
<arg>${Locator_Location_type}</arg>
<arg>@{Location_type}[0]</arg>
</arguments>
<msg timestamp="20200219 17:59:49.356" level="INFO">Selecting options from selection list 'id=locationTypeId' by label Location.</msg>
<status status="PASS" starttime="20200219 17:59:49.356" endtime="20200219 17:59:49.589"></status>
</kw>
<kw name="Click Button" library="SeleniumLibrary">
<doc>Clicks the button identified by ``locator``.</doc>
<arguments>
<arg>${Locator_Location_search}</arg>
</arguments>
<msg timestamp="20200219 17:59:49.589" level="INFO">Clicking button 'id=search'.</msg>
<status status="PASS" starttime="20200219 17:59:49.589" endtime="20200219 17:59:49.826"></status>
</kw>
<kw name="Select Frame" library="SeleniumLibrary">
<doc>Sets frame identified by ``locator`` as the current frame.</doc>
<arguments>
<arg>${Locator_Frame_simpleIframe}</arg>
</arguments>
<msg timestamp="20200219 17:59:49.827" level="INFO">Selecting frame 'id=simpleIframe'.</msg>
<status status="PASS" starttime="20200219 17:59:49.826" endtime="20200219 17:59:49.835"></status>
</kw>
<kw name="Select From List By Label" library="SeleniumLibrary">
<doc>Selects options from selection list ``locator`` by ``labels``.</doc>
<arguments>
<arg>${Locator_Region}</arg>
<arg>@{Region}[0]</arg>
</arguments>
<msg timestamp="20200219 17:59:49.835" level="INFO">Selecting options from selection list 'id=region' by label Bangkok.</msg>
<status status="PASS" starttime="20200219 17:59:49.835" endtime="20200219 17:59:50.139"></status>
</kw>
<kw name="Select From List By Label" library="SeleniumLibrary">
<doc>Selects options from selection list ``locator`` by ``labels``.</doc>
<arguments>
<arg>${Locator_MC zone}</arg>
<arg>@{MC_zone}[0]</arg>
</arguments>
<msg timestamp="20200219 17:59:50.140" level="INFO">Selecting options from selection list 'id=mcZone' by label Application.</msg>
<status status="PASS" starttime="20200219 17:59:50.139" endtime="20200219 17:59:50.390"></status>
</kw>
<kw name="Select From List By Label" library="SeleniumLibrary">
<doc>Selects options from selection list ``locator`` by ``labels``.</doc>
<arguments>
<arg>${Locator_Province}</arg>
<arg>@{Province}[0]</arg>
</arguments>
<msg timestamp="20200219 17:59:50.392" level="INFO">Selecting options from selection list 'id=province' by label BANGKOK.</msg>
<status status="PASS" starttime="20200219 17:59:50.391" endtime="20200219 17:59:50.628"></status>
</kw>
<kw name="Click Button" library="SeleniumLibrary">
<doc>Clicks the button identified by ``locator``.</doc>
<arguments>
<arg>${Locator_search_Location}</arg>
</arguments>
<msg timestamp="20200219 17:59:50.628" level="INFO">Clicking button 'id=btn_search'.</msg>
<status status="PASS" starttime="20200219 17:59:50.628" endtime="20200219 17:59:50.876"></status>
</kw>
<kw name="Click Element" library="SeleniumLibrary">
<doc>Click the element identified by ``locator``.</doc>
<arguments>
<arg>@{Locator_Site_Code}[0]</arg>
</arguments>
<msg timestamp="20200219 17:59:50.877" level="INFO">Clicking element '//*[@id="searchLocationTb_row1"]/td[6]/a'.</msg>
<status status="PASS" starttime="20200219 17:59:50.877" endtime="20200219 17:59:50.909"></status>
</kw>
<kw name="Unselect Frame" library="SeleniumLibrary">
<doc>Sets the main frame as the current frame.</doc>
<status status="PASS" starttime="20200219 17:59:50.909" endtime="20200219 17:59:50.913"></status>
</kw>
<kw name="Select Frame" library="SeleniumLibrary">
<doc>Sets frame identified by ``locator`` as the current frame.</doc>
<arguments>
<arg>${Locator_Frame_Body}</arg>
</arguments>
<msg timestamp="20200219 17:59:50.913" level="INFO">Selecting frame 'name=fBody'.</msg>
<status status="PASS" starttime="20200219 17:59:50.913" endtime="20200219 17:59:50.922"></status>
</kw>
<kw name="Click Button" library="SeleniumLibrary">
<doc>Clicks the button identified by ``locator``.</doc>
<arguments>
<arg>${Locator_Location_search}</arg>
</arguments>
<msg timestamp="20200219 17:59:50.923" level="INFO">Clicking button 'id=search'.</msg>
<status status="PASS" starttime="20200219 17:59:50.922" endtime="20200219 17:59:51.165"></status>
</kw>
<kw name="Unselect Frame" library="SeleniumLibrary">
<doc>Sets the main frame as the current frame.</doc>
<status status="PASS" starttime="20200219 17:59:51.165" endtime="20200219 17:59:51.172"></status>
</kw>
<status status="PASS" starttime="20200219 17:59:49.346" endtime="20200219 17:59:51.173"></status>
</kw>
<status status="PASS" starttime="20200219 17:59:47.335" endtime="20200219 17:59:51.173"></status>
</kw>
<tags>
<tag>Login</tag>
</tags>
<status status="PASS" starttime="20200219 17:59:46.966" endtime="20200219 17:59:51.173" critical="yes"></status>
</test>
<kw name="Close AMM Web" library="Common" type="teardown">
<kw name="Close Browser" library="SeleniumLibrary">
<doc>Closes the current browser.</doc>
<status status="PASS" starttime="20200219 17:59:51.175" endtime="20200219 17:59:52.696"></status>
</kw>
<status status="PASS" starttime="20200219 17:59:51.175" endtime="20200219 17:59:52.696"></status>
</kw>
<status status="PASS" starttime="20200219 17:59:41.424" endtime="20200219 17:59:52.696"></status>
</suite>
<statistics>
<total>
<stat pass="1" fail="0">Critical Tests</stat>
<stat pass="1" fail="0">All Tests</stat>
</total>
<tag>
<stat pass="1" fail="0">Login</stat>
</tag>
<suite>
<stat pass="1" fail="0" id="s1" name="Automate">Automate</stat>
</suite>
</statistics>
<errors>
<msg timestamp="20200219 17:59:41.450" level="WARN">Collapsing consecutive whitespace during parsing is deprecated. Fix ' #################Search Location##############' in file 'D:\AIS_Projects\Resources\Variables_Projects.robot' on line 40.</msg>
</errors>
</robot>
