<?xml version="1.0" encoding="UTF-8"?>
<robot generator="Robot 3.1.2 (Python 3.8.1 on win32)" generated="20200218 10:55:14.696" rpa="false">
<suite id="s1" name="Automate" source="D:\AIS_Project\tests\automate.robot">
<test id="s1-t1" name="Test">
<kw name="Open Test" library="Business_Projects">
<kw name="Open Browser" library="SeleniumLibrary">
<doc>Opens a new browser instance to the optional ``url``.</doc>
<arguments>
<arg>${base_url}</arg>
<arg>${base_browser}</arg>
</arguments>
<msg timestamp="20200218 10:55:14.872" level="INFO">Opening browser 'chrome' to base url 'https://robotframework.org/'.</msg>
<status status="PASS" starttime="20200218 10:55:14.872" endtime="20200218 10:55:18.141"></status>
</kw>
<kw name="Sleep" library="BuiltIn">
<doc>Pauses the test executed for the given time.</doc>
<arguments>
<arg>3s</arg>
</arguments>
<msg timestamp="20200218 10:55:21.143" level="INFO">Slept 3 seconds</msg>
<status status="PASS" starttime="20200218 10:55:18.141" endtime="20200218 10:55:21.143"></status>
</kw>
<kw name="Close Browser" library="SeleniumLibrary">
<doc>Closes the current browser.</doc>
<status status="PASS" starttime="20200218 10:55:21.144" endtime="20200218 10:55:23.308"></status>
</kw>
<status status="PASS" starttime="20200218 10:55:14.872" endtime="20200218 10:55:23.309"></status>
</kw>
<tags>
<tag>open</tag>
<tag>test</tag>
</tags>
<status status="PASS" starttime="20200218 10:55:14.872" endtime="20200218 10:55:23.310" critical="yes"></status>
</test>
<test id="s1-t2" name="Test2">
<kw name="Open Test" library="Business_Projects">
<kw name="Open Browser" library="SeleniumLibrary">
<doc>Opens a new browser instance to the optional ``url``.</doc>
<arguments>
<arg>${base_url}</arg>
<arg>${base_browser}</arg>
</arguments>
<msg timestamp="20200218 10:55:23.313" level="INFO">Opening browser 'chrome' to base url 'https://robotframework.org/'.</msg>
<status status="PASS" starttime="20200218 10:55:23.313" endtime="20200218 10:55:27.008"></status>
</kw>
<kw name="Sleep" library="BuiltIn">
<doc>Pauses the test executed for the given time.</doc>
<arguments>
<arg>3s</arg>
</arguments>
<msg timestamp="20200218 10:55:30.010" level="INFO">Slept 3 seconds</msg>
<status status="PASS" starttime="20200218 10:55:27.008" endtime="20200218 10:55:30.010"></status>
</kw>
<kw name="Close Browser" library="SeleniumLibrary">
<doc>Closes the current browser.</doc>
<status status="PASS" starttime="20200218 10:55:30.010" endtime="20200218 10:55:32.135"></status>
</kw>
<status status="PASS" starttime="20200218 10:55:23.312" endtime="20200218 10:55:32.136"></status>
</kw>
<tags>
<tag>open1</tag>
<tag>test</tag>
</tags>
<status status="PASS" starttime="20200218 10:55:23.312" endtime="20200218 10:55:32.137" critical="yes"></status>
</test>
<status status="PASS" starttime="20200218 10:55:14.696" endtime="20200218 10:55:32.140"></status>
</suite>
<statistics>
<total>
<stat pass="2" fail="0">Critical Tests</stat>
<stat pass="2" fail="0">All Tests</stat>
</total>
<tag>
<stat pass="1" fail="0">open</stat>
<stat pass="1" fail="0">open1</stat>
<stat pass="2" fail="0">test</stat>
</tag>
<suite>
<stat pass="2" fail="0" id="s1" name="Automate">Automate</stat>
</suite>
</statistics>
<errors>
</errors>
</robot>
